Time: Thu Jul 04 2024 19:01:40 GMT+0300 (שעון ישראל (קיץ))
Message: BookModel validation failed: pages: Missing pages., price: Missing price., name: Missing name.
Stack: ValidationError: BookModel validation failed: pages: Missing pages., price: Missing price., name: Missing name.
    at model.Document.invalidate (C:\4578-99\2024-07-04\REST API using MongoDB\node_modules\mongoose\lib\document.js:3306:32)
    at C:\4578-99\2024-07-04\REST API using MongoDB\node_modules\mongoose\lib\document.js:3067:17
    at C:\4578-99\2024-07-04\REST API using MongoDB\node_modules\mongoose\lib\schemaType.js:1388:9
    at processTicksAndRejections (node:internal/process/task_queues:77:11)
---------------------------------------

Time: Thu Jul 04 2024 19:02:15 GMT+0300 (שעון ישראל (קיץ))
Message: BookModel validation failed: price: Price can't be negative., pages: Pages can't exceed 1000.
Stack: ValidationError: BookModel validation failed: price: Price can't be negative., pages: Pages can't exceed 1000.
    at model.Document.invalidate (C:\4578-99\2024-07-04\REST API using MongoDB\node_modules\mongoose\lib\document.js:3306:32)
    at C:\4578-99\2024-07-04\REST API using MongoDB\node_modules\mongoose\lib\document.js:3067:17
    at C:\4578-99\2024-07-04\REST API using MongoDB\node_modules\mongoose\lib\schemaType.js:1388:9
    at processTicksAndRejections (node:internal/process/task_queues:77:11)
---------------------------------------

Time: Thu Jul 04 2024 20:10:49 GMT+0300 (שעון ישראל (קיץ))
Message: _id 6686c796f9c23ed6a6f038cc not exist.
Stack: undefined
---------------------------------------

Time: Thu Jul 04 2024 20:12:01 GMT+0300 (שעון ישראל (קיץ))
Message: BookModel validation failed: name: Missing name.
Stack: ValidationError: BookModel validation failed: name: Missing name.
    at model.Document.invalidate (C:\4578-99\2024-07-04\REST API using MongoDB\node_modules\mongoose\lib\document.js:3306:32)
    at C:\4578-99\2024-07-04\REST API using MongoDB\node_modules\mongoose\lib\document.js:3067:17
    at C:\4578-99\2024-07-04\REST API using MongoDB\node_modules\mongoose\lib\schemaType.js:1388:9
    at processTicksAndRejections (node:internal/process/task_queues:77:11)
---------------------------------------

Time: Thu Jul 04 2024 20:16:29 GMT+0300 (שעון ישראל (קיץ))
Message: BookModel validation failed: name: Missing name.
Stack: undefined
---------------------------------------

Time: Thu Jul 04 2024 20:27:29 GMT+0300 (שעון ישראל (קיץ))
Message: _id 6686c7bff9c23ed6a6f038cf not exist.
Stack: undefined
---------------------------------------

Time: Thu Jul 04 2024 20:29:38 GMT+0300 (שעון ישראל (קיץ))
Message: _id 6686c796f9c23ed6a6f038cc not exist.
Stack: undefined
---------------------------------------

Time: Thu Jul 04 2024 20:29:52 GMT+0300 (שעון ישראל (קיץ))
Message: _id 6686c7bff9c23ed6a6f038ce not exist.
Stack: undefined
---------------------------------------

Time: Mon May 05 2025 13:39:44 GMT+0300 (שעון ישראל (קיץ))
Message: Invalid email or password!
Stack: undefined
---------------------------------------

Time: Mon May 05 2025 13:40:16 GMT+0300 (שעון ישראל (קיץ))
Message: Invalid email or password!
Stack: undefined
---------------------------------------

Time: Mon May 05 2025 14:26:34 GMT+0300 (שעון ישראל (קיץ))
Message: Invalid email or password!
Stack: undefined
---------------------------------------

Time: Mon May 05 2025 14:28:07 GMT+0300 (שעון ישראל (קיץ))
Message: Invalid email or password!
Stack: undefined
---------------------------------------

Time: Thu May 08 2025 14:47:27 GMT+0300 (שעון ישראל (קיץ))
Message: The "data" argument must be of type string or an instance of Buffer, TypedArray, or DataView. Received undefined
Stack: TypeError: The "data" argument must be of type string or an instance of Buffer, TypedArray, or DataView. Received undefined
    at Hmac.update (node:internal/crypto/hash:104:11)
    at Cyber.hash (C:\Users\Lior Bas\OneDrive\Desktop\login_2025\Backend\src\2-utils\cyber.ts:13:8)
    at UserService.<anonymous> (C:\Users\Lior Bas\OneDrive\Desktop\login_2025\Backend\src\4-services\user-service.ts:45:34)
    at Generator.next (<anonymous>)
    at fulfilled (C:\Users\Lior Bas\OneDrive\Desktop\login_2025\Backend\src\4-services\user-service.ts:5:58)
    at processTicksAndRejections (node:internal/process/task_queues:95:5)
---------------------------------------

Time: Thu May 08 2025 15:35:30 GMT+0300 (שעון ישראל (קיץ))
Message: Invalid email or password!
Stack: undefined
---------------------------------------

Time: Thu May 08 2025 15:45:05 GMT+0300 (שעון ישראל (קיץ))
Message: Invalid email or password!
Stack: undefined
---------------------------------------

Time: Thu May 08 2025 15:46:57 GMT+0300 (שעון ישראל (קיץ))
Message: Route / not found.
Stack: undefined
---------------------------------------

Time: Thu May 08 2025 15:46:57 GMT+0300 (שעון ישראל (קיץ))
Message: Route /favicon.ico not found.
Stack: undefined
---------------------------------------

Time: Thu May 08 2025 15:47:03 GMT+0300 (שעון ישראל (קיץ))
Message: Route /login not found.
Stack: undefined
---------------------------------------

Time: Thu May 08 2025 15:47:06 GMT+0300 (שעון ישראל (קיץ))
Message: Route /login not found.
Stack: undefined
---------------------------------------

Time: Thu May 08 2025 15:47:17 GMT+0300 (שעון ישראל (קיץ))
Message: Route /api/login not found.
Stack: undefined
---------------------------------------

Time: Thu May 08 2025 15:47:37 GMT+0300 (שעון ישראל (קיץ))
Message: Route /login not found.
Stack: undefined
---------------------------------------

Time: Thu May 08 2025 16:34:23 GMT+0300 (שעון ישראל (קיץ))
Message: Email not found!
Stack: undefined
---------------------------------------

Time: Thu May 08 2025 16:35:52 GMT+0300 (שעון ישראל (קיץ))
Message: Email not found!
Stack: undefined
---------------------------------------

Time: Thu May 08 2025 16:38:18 GMT+0300 (שעון ישראל (קיץ))
Message: Email not found!
Stack: undefined
---------------------------------------

Time: Fri May 09 2025 15:34:27 GMT+0300 (שעון ישראל (קיץ))
Message: Invalid email or password!
Stack: undefined
---------------------------------------

Time: Fri May 09 2025 15:34:30 GMT+0300 (שעון ישראל (קיץ))
Message: Invalid email or password!
Stack: undefined
---------------------------------------

Time: Fri May 09 2025 15:34:37 GMT+0300 (שעון ישראל (קיץ))
Message: Invalid email or password!
Stack: undefined
---------------------------------------

Time: Fri May 09 2025 15:34:52 GMT+0300 (שעון ישראל (קיץ))
Message: Invalid email or password!
Stack: undefined
---------------------------------------

Time: Fri May 09 2025 17:23:46 GMT+0300 (שעון ישראל (קיץ))
Message: Invalid email or password!
Stack: undefined
---------------------------------------

Time: Sat May 10 2025 07:56:46 GMT+0300 (שעון ישראל (קיץ))
Message: Email not found!
Stack: undefined
---------------------------------------

Time: Sat May 10 2025 08:23:46 GMT+0300 (שעון ישראל (קיץ))
Message: Invalid email or password!
Stack: undefined
---------------------------------------

Time: Sat May 10 2025 08:23:50 GMT+0300 (שעון ישראל (קיץ))
Message: Invalid email or password!
Stack: undefined
---------------------------------------

Time: Sat May 10 2025 10:58:48 GMT+0300 (שעון ישראל (קיץ))
Message: Invalid email or password!
Stack: undefined
---------------------------------------

Time: Sat May 10 2025 10:58:54 GMT+0300 (שעון ישראל (קיץ))
Message: Invalid email or password!
Stack: undefined
---------------------------------------

